e:\visualstudio\project\210727_hammerwacth\heroesofhammerwatch(최종 합본 2021-07-26)\x64\debug\프레임워크.pch
e:\visualstudio\project\210727_hammerwacth\heroesofhammerwatch(최종 합본 2021-07-26)\x64\debug\vc141.pdb
e:\visualstudio\project\210727_hammerwacth\heroesofhammerwatch(최종 합본 2021-07-26)\x64\debug\vc141.idb
e:\visualstudio\project\210727_hammerwacth\heroesofhammerwatch(최종 합본 2021-07-26)\x64\debug\stdafx.obj
e:\visualstudio\project\210727_hammerwacth\heroesofhammerwatch(최종 합본 2021-07-26)\x64\debug\item.obj
e:\visualstudio\project\210727_hammerwacth\heroesofhammerwatch(최종 합본 2021-07-26)\x64\debug\inidatamanager.obj
e:\visualstudio\project\210727_hammerwacth\heroesofhammerwatch(최종 합본 2021-07-26)\x64\debug\image.obj
e:\visualstudio\project\210727_hammerwacth\heroesofhammerwatch(최종 합본 2021-07-26)\x64\debug\gamenode.obj
e:\visualstudio\project\210727_hammerwacth\heroesofhammerwatch(최종 합본 2021-07-26)\x64\debug\enemymanager.obj
e:\visualstudio\project\210727_hammerwacth\heroesofhammerwatch(최종 합본 2021-07-26)\x64\debug\enemy.obj
e:\visualstudio\project\210727_hammerwacth\heroesofhammerwatch(최종 합본 2021-07-26)\x64\debug\effectmanager.obj
e:\visualstudio\project\210727_hammerwacth\heroesofhammerwatch(최종 합본 2021-07-26)\x64\debug\effect.obj
e:\visualstudio\project\210727_hammerwacth\heroesofhammerwatch(최종 합본 2021-07-26)\x64\debug\dungeon.obj
e:\visualstudio\project\210727_hammerwacth\heroesofhammerwatch(최종 합본 2021-07-26)\x64\debug\data.obj
e:\visualstudio\project\210727_hammerwacth\heroesofhammerwatch(최종 합본 2021-07-26)\x64\debug\collision.obj
e:\visualstudio\project\210727_hammerwacth\heroesofhammerwatch(최종 합본 2021-07-26)\x64\debug\bullets.obj
e:\visualstudio\project\210727_hammerwacth\heroesofhammerwatch(최종 합본 2021-07-26)\x64\debug\bat.obj
e:\visualstudio\project\210727_hammerwacth\heroesofhammerwatch(최종 합본 2021-07-26)\x64\debug\animation.obj
e:\visualstudio\project\210727_hammerwacth\heroesofhammerwatch(최종 합본 2021-07-26)\x64\debug\action.obj
e:\visualstudio\project\210727_hammerwacth\heroesofhammerwatch(최종 합본 2021-07-26)\x64\debug\ui.obj
e:\visualstudio\project\210727_hammerwacth\heroesofhammerwatch(최종 합본 2021-07-26)\x64\debug\mousecursor.obj
e:\visualstudio\project\210727_hammerwacth\heroesofhammerwatch(최종 합본 2021-07-26)\x64\debug\imagemanager.obj
e:\visualstudio\project\210727_hammerwacth\heroesofhammerwatch(최종 합본 2021-07-26)\x64\debug\d2dmanager.obj
e:\visualstudio\project\210727_hammerwacth\heroesofhammerwatch(최종 합본 2021-07-26)\x64\debug\cameramanager.obj
e:\visualstudio\project\210727_hammerwacth\heroesofhammerwatch(최종 합본 2021-07-26)\x64\debug\tile.obj
e:\visualstudio\project\210727_hammerwacth\heroesofhammerwatch(최종 합본 2021-07-26)\x64\debug\tick.obj
e:\visualstudio\project\210727_hammerwacth\heroesofhammerwatch(최종 합본 2021-07-26)\x64\debug\testmap.obj
e:\visualstudio\project\210727_hammerwacth\heroesofhammerwatch(최종 합본 2021-07-26)\x64\debug\state.obj
e:\visualstudio\project\210727_hammerwacth\heroesofhammerwatch(최종 합본 2021-07-26)\x64\debug\soundmanager.obj
e:\visualstudio\project\210727_hammerwacth\heroesofhammerwatch(최종 합본 2021-07-26)\x64\debug\skeleton.obj
e:\visualstudio\project\210727_hammerwacth\heroesofhammerwatch(최종 합본 2021-07-26)\x64\debug\scenemanager.obj
e:\visualstudio\project\210727_hammerwacth\heroesofhammerwatch(최종 합본 2021-07-26)\x64\debug\ranger.obj
e:\visualstudio\project\210727_hammerwacth\heroesofhammerwatch(최종 합본 2021-07-26)\x64\debug\player.obj
e:\visualstudio\project\210727_hammerwacth\heroesofhammerwatch(최종 합본 2021-07-26)\x64\debug\playground.obj
e:\visualstudio\project\210727_hammerwacth\heroesofhammerwatch(최종 합본 2021-07-26)\x64\debug\paladin.obj
e:\visualstudio\project\210727_hammerwacth\heroesofhammerwatch(최종 합본 2021-07-26)\x64\debug\npctownhall.obj
e:\visualstudio\project\210727_hammerwacth\heroesofhammerwatch(최종 합본 2021-07-26)\x64\debug\npcnode.obj
e:\visualstudio\project\210727_hammerwacth\heroesofhammerwatch(최종 합본 2021-07-26)\x64\debug\npcmanager.obj
e:\visualstudio\project\210727_hammerwacth\heroesofhammerwatch(최종 합본 2021-07-26)\x64\debug\npcblacksmith.obj
e:\visualstudio\project\210727_hammerwacth\heroesofhammerwatch(최종 합본 2021-07-26)\x64\debug\maptool.obj
e:\visualstudio\project\210727_hammerwacth\heroesofhammerwatch(최종 합본 2021-07-26)\x64\debug\maggot.obj
e:\visualstudio\project\210727_hammerwacth\heroesofhammerwatch(최종 합본 2021-07-26)\x64\debug\keymanager.obj
e:\visualstudio\project\210727_hammerwacth\heroesofhammerwatch(최종 합본 2021-07-26)\x64\debug\keyanimanager.obj
e:\visualstudio\project\210727_hammerwacth\heroesofhammerwatch(최종 합본 2021-07-26)\x64\debug\itemmanager.obj
e:\visualstudio\project\210727_hammerwacth\heroesofhammerwatch(최종 합본 2021-07-26)\x64\debug\winmain.obj
e:\visualstudio\project\210727_hammerwacth\heroesofhammerwatch(최종 합본 2021-07-26)\x64\debug\village.obj
e:\visualstudio\project\210727_hammerwacth\heroesofhammerwatch(최종 합본 2021-07-26)\x64\debug\utils.obj
e:\visualstudio\project\210727_hammerwacth\heroesofhammerwatch(최종 합본 2021-07-26)\x64\debug\txtdata.obj
e:\visualstudio\project\210727_hammerwacth\heroesofhammerwatch(최종 합본 2021-07-26)\x64\debug\title.obj
e:\visualstudio\project\210727_hammerwacth\heroesofhammerwatch(최종 합본 2021-07-26)\x64\debug\timer.obj
e:\visualstudio\project\210727_hammerwacth\heroesofhammerwatch(최종 합본 2021-07-26)\x64\debug\timemanager.obj
e:\visualstudio\project\210727_hammerwacth\heroesofhammerwatch(최종 합본 2021-07-26)\x64\debug\windowapi.res
e:\visualstudio\project\210727_hammerwacth\heroesofhammerwatch(최종 합본 2021-07-26)\프레임워크.exe
e:\visualstudio\project\210727_hammerwacth\heroesofhammerwatch(최종 합본 2021-07-26)\프레임워크.ilk
e:\visualstudio\project\210727_hammerwacth\heroesofhammerwatch(최종 합본 2021-07-26)\프레임워크.pdb
e:\visualstudio\project\210727_hammerwacth\heroesofhammerwatch(최종 합본 2021-07-26)\.\프레임워크.exe
e:\visualstudio\project\210727_hammerwacth\heroesofhammerwatch(최종 합본 2021-07-26)\x64\debug\프레임워크.tlog\cl.command.1.tlog
e:\visualstudio\project\210727_hammerwacth\heroesofhammerwatch(최종 합본 2021-07-26)\x64\debug\프레임워크.tlog\rc.command.1.tlog
e:\visualstudio\project\210727_hammerwacth\heroesofhammerwatch(최종 합본 2021-07-26)\x64\debug\프레임워크.tlog\link.command.1.tlog
e:\visualstudio\project\210727_hammerwacth\heroesofhammerwatch(최종 합본 2021-07-26)\x64\debug\프레임워크.tlog\cl.read.1.tlog
e:\visualstudio\project\210727_hammerwacth\heroesofhammerwatch(최종 합본 2021-07-26)\x64\debug\프레임워크.tlog\rc.read.1.tlog
e:\visualstudio\project\210727_hammerwacth\heroesofhammerwatch(최종 합본 2021-07-26)\x64\debug\프레임워크.tlog\link.read.1.tlog
e:\visualstudio\project\210727_hammerwacth\heroesofhammerwatch(최종 합본 2021-07-26)\x64\debug\프레임워크.tlog\cl.write.1.tlog
e:\visualstudio\project\210727_hammerwacth\heroesofhammerwatch(최종 합본 2021-07-26)\x64\debug\프레임워크.tlog\rc.write.1.tlog
e:\visualstudio\project\210727_hammerwacth\heroesofhammerwatch(최종 합본 2021-07-26)\x64\debug\프레임워크.tlog\link.write.1.tlog
